\BOOKMARK [0][-]{Doc-Start}{\376\377\000A\000b\000b\000i\000l\000d\000u\000n\000g\000s\000v\000e\000r\000z\000e\000i\000c\000h\000n\000i\000s}{}% 1
\BOOKMARK [0][-]{chapter.1}{\376\377\000B\000u\000s\000s\000y\000s\000t\000e\000m\000e}{}% 2
\BOOKMARK [1][-]{section.1.1}{\376\377\000E\000i\000n\000f\000\374\000h\000r\000u\000n\000g}{chapter.1}% 3
\BOOKMARK [1][-]{section.1.2}{\376\377\000L\000e\000r\000n\000z\000i\000e\000l\000e}{chapter.1}% 4
\BOOKMARK [1][-]{section.1.3}{\376\377\000K\000u\000r\000z\000b\000e\000s\000c\000h\000r\000e\000i\000b\000u\000n\000g\000\040\000d\000e\000r\000\040\000H\000a\000r\000d\000w\000a\000r\000e\000\040\000u\000n\000d\000\040\000d\000e\000s\000\040\000B\000u\000s\000s\000y\000s\000t\000e\000m\000s}{chapter.1}% 5
\BOOKMARK [2][-]{subsection.1.3.1}{\376\377\000A\000n\000l\000a\000g\000e}{section.1.3}% 6
\BOOKMARK [2][-]{subsection.1.3.2}{\376\377\000S\000t\000e\000u\000e\000r\000u\000n\000g\000s\000h\000a\000r\000d\000w\000a\000r\000e}{section.1.3}% 7
\BOOKMARK [2][-]{subsection.1.3.3}{\376\377\000B\000u\000s\000s\000y\000s\000t\000e\000m\000e\000\040\000P\000R\000O\000F\000I\000B\000U\000S\000\040\000D\000P}{section.1.3}% 8
\BOOKMARK [1][-]{section.1.4}{\376\377\000V\000o\000r\000b\000e\000r\000e\000i\000t\000e\000n\000d\000e\000\040\000A\000r\000b\000e\000i\000t\000e\000n}{chapter.1}% 9
\BOOKMARK [1][-]{section.1.5}{\376\377\000V\000o\000r\000b\000e\000r\000e\000i\000t\000u\000n\000g}{chapter.1}% 10
\BOOKMARK [2][-]{subsection.1.5.1}{\376\377\000O\000B\0001\0000\0000}{section.1.5}% 11
\BOOKMARK [2][-]{subsection.1.5.2}{\376\377\000O\000B\0001}{section.1.5}% 12
\BOOKMARK [1][-]{section.1.6}{\376\377\000A\000u\000f\000b\000a\000u}{chapter.1}% 13
\BOOKMARK [1][-]{section.1.7}{\376\377\000A\000u\000f\000g\000a\000b\000e\000\040\0005\000:\000\040\000I\000n\000b\000e\000t\000r\000i\000e\000b\000n\000a\000h\000m\000e}{chapter.1}% 14
\BOOKMARK [1][-]{section.1.8}{\376\377\000A\000u\000f\000g\000a\000b\000e\000\040\0006\000:\000\040\000P\000r\000o\000f\000i\000T\000r\000a\000c\000e}{chapter.1}% 15
\BOOKMARK [1][-]{section.1.9}{\376\377\000A\000u\000f\000g\000a\000b\000e\000\040\0007\000:\000\040\000B\000u\000s\000f\000e\000h\000l\000e\000r}{chapter.1}% 16
\BOOKMARK [2][-]{subsection.1.9.1}{\376\377\000A\000u\000f\000g\000a\000b\000e\000\040\0007\000.\0001\000:\000\040\000A\000u\000s\000f\000a\000l\000l\000\040\000e\000i\000n\000e\000r\000\040\000d\000e\000z\000e\000n\000t\000r\000a\000l\000e\000n\000\040\000P\000e\000r\000i\000p\000h\000e\000r\000i\000e}{section.1.9}% 17
\BOOKMARK [2][-]{subsection.1.9.2}{\376\377\0007\000.\0002\000:\000\040\000A\000b\000s\000c\000h\000l\000u\000s\000s\000w\000i\000d\000e\000r\000s\000t\000a\000n\000d}{section.1.9}% 18
\BOOKMARK [1][-]{section.1.10}{\376\377\000A\000u\000f\000g\000a\000b\000e\000\040\0008\000:\000\040\000E\000i\000n\000b\000i\000n\000d\000e\000n\000\040\000e\000i\000n\000e\000s\000\040\000n\000e\000u\000e\000n\000\040\000D\000P\000-\000M\000o\000d\000u\000l\000s}{chapter.1}% 19
\BOOKMARK [2][-]{subsection.1.10.1}{\376\377\000A\000u\000f\000g\000a\000b\000e\000\040\0008\000.\0001\000:\000\040\000E\000i\000n\000b\000i\000n\000d\000e\000n\000\040\000o\000h\000n\000e\000\040\000H\000a\000r\000d\000w\000a\000r\000e\000k\000o\000n\000f\000i\000g\000u\000r\000a\000t\000i\000o\000n}{section.1.10}% 20
\BOOKMARK [2][-]{subsection.1.10.2}{\376\377\000A\000u\000f\000g\000a\000b\000e\000\040\0008\000.\0002\000:\000\040\000E\000i\000n\000b\000i\000n\000d\000e\000n\000\040\000m\000i\000t\000\040\000H\000a\000r\000d\000w\000a\000r\000e\000k\000o\000n\000f\000i\000g\000u\000r\000a\000t\000i\000o\000n}{section.1.10}% 21
\BOOKMARK [2][-]{subsection.1.10.3}{\376\377\000A\000u\000f\000g\000a\000b\000e\000\040\0008\000.\0003\000:\000\040\000P\000r\000o\000f\000i\000T\000r\000a\000c\000e\000-\000A\000u\000s\000g\000a\000b\000e}{section.1.10}% 22
\BOOKMARK [2][-]{subsection.1.10.4}{\376\377\000A\000u\000f\000g\000a\000b\000e\000\040\0008\000.\0004\000:\000\040\000Z\000u\000g\000r\000i\000f\000f\000\040\000a\000u\000f\000\040\000d\000i\000e\000\040\000B\000a\000u\000g\000r\000u\000p\000p\000e\000\040\000i\000m\000\040\000P\000r\000o\000g\000r\000a\000m\000m\000a\000b\000l\000a\000u\000f}{section.1.10}% 23
\BOOKMARK [1][-]{section.1.11}{\376\377\000F\000a\000z\000i\000t}{chapter.1}% 24
