This is pdfTeX, Version 3.141592653-2.6-1.40.22 (TeX Live 2021/Homebrew) (preloaded format=pdflatex 2021.9.30)  9 JAN 2022 18:02
entering extended mode
 restricted \write18 enabled.
 file:line:error style messages enabled.
 %&-line parsing enabled.
**gep3.tex
(./gep3.tex
LaTeX2e <2020-10-01> patch level 4
L3 programming layer <2021-02-18>
(/opt/homebrew/Cellar/texlive/58837/share/texmf-dist/tex/latex/base/article.cls
Document Class: article 2020/04/10 v1.4m Standard LaTeX document class
(/opt/homebrew/Cellar/texlive/58837/share/texmf-dist/tex/latex/base/size10.clo
File: size10.clo 2020/04/10 v1.4m Standard LaTeX file (size option)
)
\c@part=\count179
\c@section=\count180
\c@subsection=\count181
\c@subsubsection=\count182
\c@paragraph=\count183
\c@subparagraph=\count184
\c@figure=\count185
\c@table=\count186
\abovecaptionskip=\skip47
\belowcaptionskip=\skip48
\bibindent=\dimen138
)
(/opt/homebrew/Cellar/texlive/58837/share/texmf-dist/tex/latex/circuitikz/circu
itikz.sty
Package: circuitikz 2021/03/14{} The CircuiTikz circuit drawing package version
 1.3.2

(/opt/homebrew/Cellar/texlive/58837/share/texmf-dist/tex/latex/pgf/frontendlaye
r/tikz.sty
(/opt/homebrew/Cellar/texlive/58837/share/texmf-dist/tex/latex/pgf/basiclayer/p
gf.sty
(/opt/homebrew/Cellar/texlive/58837/share/texmf-dist/tex/latex/pgf/utilities/pg
frcs.sty
(/opt/homebrew/Cellar/texlive/58837/share/texmf-dist/tex/generic/pgf/utilities/
pgfutil-common.tex
\pgfutil@everybye=\toks15
\pgfutil@tempdima=\dimen139
\pgfutil@tempdimb=\dimen140

(/opt/homebrew/Cellar/texlive/58837/share/texmf-dist/tex/generic/pgf/utilities/
pgfutil-common-lists.tex))
(/opt/homebrew/Cellar/texlive/58837/share/texmf-dist/tex/generic/pgf/utilities/
pgfutil-latex.def
\pgfutil@abb=\box47
)
(/opt/homebrew/Cellar/texlive/58837/share/texmf-dist/tex/generic/pgf/utilities/
pgfrcs.code.tex
(/opt/homebrew/Cellar/texlive/58837/share/texmf-dist/tex/generic/pgf/pgf.revisi
on.tex)
Package: pgfrcs 2020/12/27 v3.1.8b (3.1.8b)
))
Package: pgf 2020/12/27 v3.1.8b (3.1.8b)

(/opt/homebrew/Cellar/texlive/58837/share/texmf-dist/tex/latex/pgf/basiclayer/p
gfcore.sty
(/opt/homebrew/Cellar/texlive/58837/share/texmf-dist/tex/latex/graphics/graphic
x.sty
Package: graphicx 2020/09/09 v1.2b Enhanced LaTeX Graphics (DPC,SPQR)

(/opt/homebrew/Cellar/texlive/58837/share/texmf-dist/tex/latex/graphics/keyval.
sty
Package: keyval 2014/10/28 v1.15 key=value parser (DPC)
\KV@toks@=\toks16
)
(/opt/homebrew/Cellar/texlive/58837/share/texmf-dist/tex/latex/graphics/graphic
s.sty
Package: graphics 2020/08/30 v1.4c Standard LaTeX Graphics (DPC,SPQR)

(/opt/homebrew/Cellar/texlive/58837/share/texmf-dist/tex/latex/graphics/trig.st
y
Package: trig 2016/01/03 v1.10 sin cos tan (DPC)
)
(/opt/homebrew/Cellar/texlive/58837/share/texmf-dist/tex/latex/graphics-cfg/gra
phics.cfg
File: graphics.cfg 2016/06/04 v1.11 sample graphics configuration
)
Package graphics Info: Driver file: pdftex.def on input line 105.

(/opt/homebrew/Cellar/texlive/58837/share/texmf-dist/tex/latex/graphics-def/pdf
tex.def
File: pdftex.def 2020/10/05 v1.2a Graphics/color driver for pdftex
))
\Gin@req@height=\dimen141
\Gin@req@width=\dimen142
)
(/opt/homebrew/Cellar/texlive/58837/share/texmf-dist/tex/latex/pgf/systemlayer/
pgfsys.sty
(/opt/homebrew/Cellar/texlive/58837/share/texmf-dist/tex/generic/pgf/systemlaye
r/pgfsys.code.tex
Package: pgfsys 2020/12/27 v3.1.8b (3.1.8b)

(/opt/homebrew/Cellar/texlive/58837/share/texmf-dist/tex/generic/pgf/utilities/
pgfkeys.code.tex
\pgfkeys@pathtoks=\toks17
\pgfkeys@temptoks=\toks18

(/opt/homebrew/Cellar/texlive/58837/share/texmf-dist/tex/generic/pgf/utilities/
pgfkeysfiltered.code.tex
\pgfkeys@tmptoks=\toks19
))
\pgf@x=\dimen143
\pgf@y=\dimen144
\pgf@xa=\dimen145
\pgf@ya=\dimen146
\pgf@xb=\dimen147
\pgf@yb=\dimen148
\pgf@xc=\dimen149
\pgf@yc=\dimen150
\pgf@xd=\dimen151
\pgf@yd=\dimen152
\w@pgf@writea=\write3
\r@pgf@reada=\read2
\c@pgf@counta=\count187
\c@pgf@countb=\count188
\c@pgf@countc=\count189
\c@pgf@countd=\count190
\t@pgf@toka=\toks20
\t@pgf@tokb=\toks21
\t@pgf@tokc=\toks22
\pgf@sys@id@count=\count191

(/opt/homebrew/Cellar/texlive/58837/share/texmf-dist/tex/generic/pgf/systemlaye
r/pgf.cfg
File: pgf.cfg 2020/12/27 v3.1.8b (3.1.8b)
)
Driver file for pgf: pgfsys-pdftex.def

(/opt/homebrew/Cellar/texlive/58837/share/texmf-dist/tex/generic/pgf/systemlaye
r/pgfsys-pdftex.def
File: pgfsys-pdftex.def 2020/12/27 v3.1.8b (3.1.8b)

(/opt/homebrew/Cellar/texlive/58837/share/texmf-dist/tex/generic/pgf/systemlaye
r/pgfsys-common-pdf.def
File: pgfsys-common-pdf.def 2020/12/27 v3.1.8b (3.1.8b)
)))
(/opt/homebrew/Cellar/texlive/58837/share/texmf-dist/tex/generic/pgf/systemlaye
r/pgfsyssoftpath.code.tex
File: pgfsyssoftpath.code.tex 2020/12/27 v3.1.8b (3.1.8b)
\pgfsyssoftpath@smallbuffer@items=\count192
\pgfsyssoftpath@bigbuffer@items=\count193
)
(/opt/homebrew/Cellar/texlive/58837/share/texmf-dist/tex/generic/pgf/systemlaye
r/pgfsysprotocol.code.tex
File: pgfsysprotocol.code.tex 2020/12/27 v3.1.8b (3.1.8b)
))
(/opt/homebrew/Cellar/texlive/58837/share/texmf-dist/tex/latex/xcolor/xcolor.st
y
Package: xcolor 2016/05/11 v2.12 LaTeX color extensions (UK)

(/opt/homebrew/Cellar/texlive/58837/share/texmf-dist/tex/latex/graphics-cfg/col
or.cfg
File: color.cfg 2016/01/02 v1.6 sample color configuration
)
Package xcolor Info: Driver file: pdftex.def on input line 225.
Package xcolor Info: Model `cmy' substituted by `cmy0' on input line 1348.
Package xcolor Info: Model `hsb' substituted by `rgb' on input line 1352.
Package xcolor Info: Model `RGB' extended on input line 1364.
Package xcolor Info: Model `HTML' substituted by `rgb' on input line 1366.
Package xcolor Info: Model `Hsb' substituted by `hsb' on input line 1367.
Package xcolor Info: Model `tHsb' substituted by `hsb' on input line 1368.
Package xcolor Info: Model `HSB' substituted by `hsb' on input line 1369.
Package xcolor Info: Model `Gray' substituted by `gray' on input line 1370.
Package xcolor Info: Model `wave' substituted by `hsb' on input line 1371.
)
(/opt/homebrew/Cellar/texlive/58837/share/texmf-dist/tex/generic/pgf/basiclayer
/pgfcore.code.tex
Package: pgfcore 2020/12/27 v3.1.8b (3.1.8b)

(/opt/homebrew/Cellar/texlive/58837/share/texmf-dist/tex/generic/pgf/math/pgfma
th.code.tex
(/opt/homebrew/Cellar/texlive/58837/share/texmf-dist/tex/generic/pgf/math/pgfma
thcalc.code.tex
(/opt/homebrew/Cellar/texlive/58837/share/texmf-dist/tex/generic/pgf/math/pgfma
thutil.code.tex)
(/opt/homebrew/Cellar/texlive/58837/share/texmf-dist/tex/generic/pgf/math/pgfma
thparser.code.tex
\pgfmath@dimen=\dimen153
\pgfmath@count=\count194
\pgfmath@box=\box48
\pgfmath@toks=\toks23
\pgfmath@stack@operand=\toks24
\pgfmath@stack@operation=\toks25
)
(/opt/homebrew/Cellar/texlive/58837/share/texmf-dist/tex/generic/pgf/math/pgfma
thfunctions.code.tex
(/opt/homebrew/Cellar/texlive/58837/share/texmf-dist/tex/generic/pgf/math/pgfma
thfunctions.basic.code.tex)
(/opt/homebrew/Cellar/texlive/58837/share/texmf-dist/tex/generic/pgf/math/pgfma
thfunctions.trigonometric.code.tex)
(/opt/homebrew/Cellar/texlive/58837/share/texmf-dist/tex/generic/pgf/math/pgfma
thfunctions.random.code.tex)
(/opt/homebrew/Cellar/texlive/58837/share/texmf-dist/tex/generic/pgf/math/pgfma
thfunctions.comparison.code.tex)
(/opt/homebrew/Cellar/texlive/58837/share/texmf-dist/tex/generic/pgf/math/pgfma
thfunctions.base.code.tex)
(/opt/homebrew/Cellar/texlive/58837/share/texmf-dist/tex/generic/pgf/math/pgfma
thfunctions.round.code.tex)
(/opt/homebrew/Cellar/texlive/58837/share/texmf-dist/tex/generic/pgf/math/pgfma
thfunctions.misc.code.tex)
(/opt/homebrew/Cellar/texlive/58837/share/texmf-dist/tex/generic/pgf/math/pgfma
thfunctions.integerarithmetics.code.tex)))
(/opt/homebrew/Cellar/texlive/58837/share/texmf-dist/tex/generic/pgf/math/pgfma
thfloat.code.tex
\c@pgfmathroundto@lastzeros=\count195
))
(/opt/homebrew/Cellar/texlive/58837/share/texmf-dist/tex/generic/pgf/math/pgfin
t.code.tex)
(/opt/homebrew/Cellar/texlive/58837/share/texmf-dist/tex/generic/pgf/basiclayer
/pgfcorepoints.code.tex
File: pgfcorepoints.code.tex 2020/12/27 v3.1.8b (3.1.8b)
\pgf@picminx=\dimen154
\pgf@picmaxx=\dimen155
\pgf@picminy=\dimen156
\pgf@picmaxy=\dimen157
\pgf@pathminx=\dimen158
\pgf@pathmaxx=\dimen159
\pgf@pathminy=\dimen160
\pgf@pathmaxy=\dimen161
\pgf@xx=\dimen162
\pgf@xy=\dimen163
\pgf@yx=\dimen164
\pgf@yy=\dimen165
\pgf@zx=\dimen166
\pgf@zy=\dimen167
)
(/opt/homebrew/Cellar/texlive/58837/share/texmf-dist/tex/generic/pgf/basiclayer
/pgfcorepathconstruct.code.tex
File: pgfcorepathconstruct.code.tex 2020/12/27 v3.1.8b (3.1.8b)
\pgf@path@lastx=\dimen168
\pgf@path@lasty=\dimen169
)
(/opt/homebrew/Cellar/texlive/58837/share/texmf-dist/tex/generic/pgf/basiclayer
/pgfcorepathusage.code.tex
File: pgfcorepathusage.code.tex 2020/12/27 v3.1.8b (3.1.8b)
\pgf@shorten@end@additional=\dimen170
\pgf@shorten@start@additional=\dimen171
)
(/opt/homebrew/Cellar/texlive/58837/share/texmf-dist/tex/generic/pgf/basiclayer
/pgfcorescopes.code.tex
File: pgfcorescopes.code.tex 2020/12/27 v3.1.8b (3.1.8b)
\pgfpic=\box49
\pgf@hbox=\box50
\pgf@layerbox@main=\box51
\pgf@picture@serial@count=\count196
)
(/opt/homebrew/Cellar/texlive/58837/share/texmf-dist/tex/generic/pgf/basiclayer
/pgfcoregraphicstate.code.tex
File: pgfcoregraphicstate.code.tex 2020/12/27 v3.1.8b (3.1.8b)
\pgflinewidth=\dimen172
)
(/opt/homebrew/Cellar/texlive/58837/share/texmf-dist/tex/generic/pgf/basiclayer
/pgfcoretransformations.code.tex
File: pgfcoretransformations.code.tex 2020/12/27 v3.1.8b (3.1.8b)
\pgf@pt@x=\dimen173
\pgf@pt@y=\dimen174
\pgf@pt@temp=\dimen175
)
(/opt/homebrew/Cellar/texlive/58837/share/texmf-dist/tex/generic/pgf/basiclayer
/pgfcorequick.code.tex
File: pgfcorequick.code.tex 2020/12/27 v3.1.8b (3.1.8b)
)
(/opt/homebrew/Cellar/texlive/58837/share/texmf-dist/tex/generic/pgf/basiclayer
/pgfcoreobjects.code.tex
File: pgfcoreobjects.code.tex 2020/12/27 v3.1.8b (3.1.8b)
)
(/opt/homebrew/Cellar/texlive/58837/share/texmf-dist/tex/generic/pgf/basiclayer
/pgfcorepathprocessing.code.tex
File: pgfcorepathprocessing.code.tex 2020/12/27 v3.1.8b (3.1.8b)
)
(/opt/homebrew/Cellar/texlive/58837/share/texmf-dist/tex/generic/pgf/basiclayer
/pgfcorearrows.code.tex
File: pgfcorearrows.code.tex 2020/12/27 v3.1.8b (3.1.8b)
\pgfarrowsep=\dimen176
)
(/opt/homebrew/Cellar/texlive/58837/share/texmf-dist/tex/generic/pgf/basiclayer
/pgfcoreshade.code.tex
File: pgfcoreshade.code.tex 2020/12/27 v3.1.8b (3.1.8b)
\pgf@max=\dimen177
\pgf@sys@shading@range@num=\count197
\pgf@shadingcount=\count198
)
(/opt/homebrew/Cellar/texlive/58837/share/texmf-dist/tex/generic/pgf/basiclayer
/pgfcoreimage.code.tex
File: pgfcoreimage.code.tex 2020/12/27 v3.1.8b (3.1.8b)

(/opt/homebrew/Cellar/texlive/58837/share/texmf-dist/tex/generic/pgf/basiclayer
/pgfcoreexternal.code.tex
File: pgfcoreexternal.code.tex 2020/12/27 v3.1.8b (3.1.8b)
\pgfexternal@startupbox=\box52
))
(/opt/homebrew/Cellar/texlive/58837/share/texmf-dist/tex/generic/pgf/basiclayer
/pgfcorelayers.code.tex
File: pgfcorelayers.code.tex 2020/12/27 v3.1.8b (3.1.8b)
)
(/opt/homebrew/Cellar/texlive/58837/share/texmf-dist/tex/generic/pgf/basiclayer
/pgfcoretransparency.code.tex
File: pgfcoretransparency.code.tex 2020/12/27 v3.1.8b (3.1.8b)
)
(/opt/homebrew/Cellar/texlive/58837/share/texmf-dist/tex/generic/pgf/basiclayer
/pgfcorepatterns.code.tex
File: pgfcorepatterns.code.tex 2020/12/27 v3.1.8b (3.1.8b)
)
(/opt/homebrew/Cellar/texlive/58837/share/texmf-dist/tex/generic/pgf/basiclayer
/pgfcorerdf.code.tex
File: pgfcorerdf.code.tex 2020/12/27 v3.1.8b (3.1.8b)
)))
(/opt/homebrew/Cellar/texlive/58837/share/texmf-dist/tex/generic/pgf/modules/pg
fmoduleshapes.code.tex
File: pgfmoduleshapes.code.tex 2020/12/27 v3.1.8b (3.1.8b)
\pgfnodeparttextbox=\box53
)
(/opt/homebrew/Cellar/texlive/58837/share/texmf-dist/tex/generic/pgf/modules/pg
fmoduleplot.code.tex
File: pgfmoduleplot.code.tex 2020/12/27 v3.1.8b (3.1.8b)
)
(/opt/homebrew/Cellar/texlive/58837/share/texmf-dist/tex/latex/pgf/compatibilit
y/pgfcomp-version-0-65.sty
Package: pgfcomp-version-0-65 2020/12/27 v3.1.8b (3.1.8b)
\pgf@nodesepstart=\dimen178
\pgf@nodesepend=\dimen179
)
(/opt/homebrew/Cellar/texlive/58837/share/texmf-dist/tex/latex/pgf/compatibilit
y/pgfcomp-version-1-18.sty
Package: pgfcomp-version-1-18 2020/12/27 v3.1.8b (3.1.8b)
))
(/opt/homebrew/Cellar/texlive/58837/share/texmf-dist/tex/latex/pgf/utilities/pg
ffor.sty
(/opt/homebrew/Cellar/texlive/58837/share/texmf-dist/tex/latex/pgf/utilities/pg
fkeys.sty
(/opt/homebrew/Cellar/texlive/58837/share/texmf-dist/tex/generic/pgf/utilities/
pgfkeys.code.tex))
(/opt/homebrew/Cellar/texlive/58837/share/texmf-dist/tex/latex/pgf/math/pgfmath
.sty
(/opt/homebrew/Cellar/texlive/58837/share/texmf-dist/tex/generic/pgf/math/pgfma
th.code.tex))
(/opt/homebrew/Cellar/texlive/58837/share/texmf-dist/tex/generic/pgf/utilities/
pgffor.code.tex
Package: pgffor 2020/12/27 v3.1.8b (3.1.8b)

(/opt/homebrew/Cellar/texlive/58837/share/texmf-dist/tex/generic/pgf/math/pgfma
th.code.tex)
\pgffor@iter=\dimen180
\pgffor@skip=\dimen181
\pgffor@stack=\toks26
\pgffor@toks=\toks27
))
(/opt/homebrew/Cellar/texlive/58837/share/texmf-dist/tex/generic/pgf/frontendla
yer/tikz/tikz.code.tex
Package: tikz 2020/12/27 v3.1.8b (3.1.8b)

(/opt/homebrew/Cellar/texlive/58837/share/texmf-dist/tex/generic/pgf/libraries/
pgflibraryplothandlers.code.tex
File: pgflibraryplothandlers.code.tex 2020/12/27 v3.1.8b (3.1.8b)
\pgf@plot@mark@count=\count199
\pgfplotmarksize=\dimen182
)
\tikz@lastx=\dimen183
\tikz@lasty=\dimen184
\tikz@lastxsaved=\dimen185
\tikz@lastysaved=\dimen186
\tikz@lastmovetox=\dimen187
\tikz@lastmovetoy=\dimen188
\tikzleveldistance=\dimen189
\tikzsiblingdistance=\dimen190
\tikz@figbox=\box54
\tikz@figbox@bg=\box55
\tikz@tempbox=\box56
\tikz@tempbox@bg=\box57
\tikztreelevel=\count266
\tikznumberofchildren=\count267
\tikznumberofcurrentchild=\count268
\tikz@fig@count=\count269

(/opt/homebrew/Cellar/texlive/58837/share/texmf-dist/tex/generic/pgf/modules/pg
fmodulematrix.code.tex
File: pgfmodulematrix.code.tex 2020/12/27 v3.1.8b (3.1.8b)
\pgfmatrixcurrentrow=\count270
\pgfmatrixcurrentcolumn=\count271
\pgf@matrix@numberofcolumns=\count272
)
\tikz@expandcount=\count273

(/opt/homebrew/Cellar/texlive/58837/share/texmf-dist/tex/generic/pgf/frontendla
yer/tikz/libraries/tikzlibrarytopaths.code.tex
File: tikzlibrarytopaths.code.tex 2020/12/27 v3.1.8b (3.1.8b)
)))
(/opt/homebrew/Cellar/texlive/58837/share/texmf-dist/tex/generic/pgf/frontendla
yer/tikz/libraries/tikzlibrarycalc.code.tex
File: tikzlibrarycalc.code.tex 2020/12/27 v3.1.8b (3.1.8b)
)
(/opt/homebrew/Cellar/texlive/58837/share/texmf-dist/tex/generic/pgf/libraries/
pgflibraryarrows.meta.code.tex
File: pgflibraryarrows.meta.code.tex 2020/12/27 v3.1.8b (3.1.8b)
\pgfarrowinset=\dimen191
\pgfarrowlength=\dimen192
\pgfarrowwidth=\dimen193
\pgfarrowlinewidth=\dimen194
)
(/opt/homebrew/Cellar/texlive/58837/share/texmf-dist/tex/generic/pgf/frontendla
yer/tikz/libraries/tikzlibrarybending.code.tex
File: tikzlibrarybending.code.tex 2020/12/27 v3.1.8b (3.1.8b)

(/opt/homebrew/Cellar/texlive/58837/share/texmf-dist/tex/generic/pgf/modules/pg
fmodulebending.code.tex
File: pgfmodulebending.code.tex 2020/12/27 v3.1.8b (3.1.8b)

(/opt/homebrew/Cellar/texlive/58837/share/texmf-dist/tex/generic/pgf/modules/pg
fmodulenonlineartransformations.code.tex
File: pgfmodulenonlineartransformations.code.tex 2020/12/27 v3.1.8b (3.1.8b)
\pgftransformnonlinearflatness=\dimen195
)
(/opt/homebrew/Cellar/texlive/58837/share/texmf-dist/tex/generic/pgf/libraries/
pgflibrarycurvilinear.code.tex
File: pgflibrarycurvilinear.code.tex 2020/12/27 v3.1.8b (3.1.8b)
\pgf@curvilinear@time@a=\dimen196
\pgf@curvilinear@length@a=\dimen197
\pgf@curvilinear@length@b=\dimen198
\pgf@curvilinear@length@c=\dimen199
\pgf@curvilinear@length@d=\dimen256
)
\pgf@arrows@the@rigidity=\dimen257
))
(/opt/homebrew/Cellar/texlive/58837/share/texmf-dist/tex/generic/pgf/frontendla
yer/tikz/libraries/tikzlibraryfpu.code.tex
(/opt/homebrew/Cellar/texlive/58837/share/texmf-dist/tex/generic/pgf/libraries/
pgflibraryfpu.code.tex))
(/opt/homebrew/Cellar/texlive/58837/share/texmf-dist/tex/generic/circuitikz/pgf
circ.defines.tex
\pgf@circ@count@a=\count274
\pgf@circ@count@b=\count275
\pgf@circ@count@c=\count276
\pgf@circ@res@up=\dimen258
\pgf@circ@res@down=\dimen259
\pgf@circ@res@zero=\dimen260
\pgf@circ@res@left=\dimen261
\pgf@circ@res@right=\dimen262
\pgf@circ@res@other=\dimen263
\pgf@circ@res@step=\dimen264
\pgf@circ@res@temp=\dimen265
\pgf@circ@Rlen=\dimen266
\pgf@circ@scaled@Rlen=\dimen267
\pgfstartlinewidth=\dimen268
)
(/opt/homebrew/Cellar/texlive/58837/share/texmf-dist/tex/generic/circuitikz/pgf
circutils.tex)
(/opt/homebrew/Cellar/texlive/58837/share/texmf-dist/tex/generic/circuitikz/pgf
circpath.tex)
(/opt/homebrew/Cellar/texlive/58837/share/texmf-dist/tex/generic/circuitikz/pgf
circshapes.tex)
(/opt/homebrew/Cellar/texlive/58837/share/texmf-dist/tex/generic/circuitikz/pgf
circmonopoles.tex)
(/opt/homebrew/Cellar/texlive/58837/share/texmf-dist/tex/generic/circuitikz/pgf
circbipoles.tex)
(/opt/homebrew/Cellar/texlive/58837/share/texmf-dist/tex/generic/circuitikz/pgf
circtripoles.tex
\pgf@circ@res@count=\count277
)
(/opt/homebrew/Cellar/texlive/58837/share/texmf-dist/tex/generic/circuitikz/pgf
circquadpoles.tex)
(/opt/homebrew/Cellar/texlive/58837/share/texmf-dist/tex/generic/circuitikz/pgf
circmultipoles.tex)
(/opt/homebrew/Cellar/texlive/58837/share/texmf-dist/tex/generic/circuitikz/pgf
circlabel.tex)
(/opt/homebrew/Cellar/texlive/58837/share/texmf-dist/tex/generic/circuitikz/pgf
circvoltage.tex
\pgfcirc@labelshift=\dimen269
)
(/opt/homebrew/Cellar/texlive/58837/share/texmf-dist/tex/generic/circuitikz/pgf
circcurrent.tex)
(/opt/homebrew/Cellar/texlive/58837/share/texmf-dist/tex/generic/circuitikz/pgf
circflow.tex))
(/opt/homebrew/Cellar/texlive/58837/share/texmf-dist/tex/latex/base/fontenc.sty
Package: fontenc 2020/08/10 v2.0s Standard LaTeX package
)
(/opt/homebrew/Cellar/texlive/58837/share/texmf-dist/tex/latex/base/inputenc.st
y
Package: inputenc 2020/08/01 v1.3d Input encoding file
\inpenc@prehook=\toks28
\inpenc@posthook=\toks29
)
(/opt/homebrew/Cellar/texlive/58837/share/texmf-dist/tex/latex/caption/subcapti
on.sty
Package: subcaption 2020/10/07 v1.3j Sub-captions (AR)

(/opt/homebrew/Cellar/texlive/58837/share/texmf-dist/tex/latex/caption/caption.
sty
Package: caption 2020/10/26 v3.5g Customizing captions (AR)

(/opt/homebrew/Cellar/texlive/58837/share/texmf-dist/tex/latex/caption/caption3
.sty
Package: caption3 2020/10/21 v2.2e caption3 kernel (AR)
\captionmargin=\dimen270
\captionmargin@=\dimen271
\captionwidth=\dimen272
\caption@tempdima=\dimen273
\caption@indent=\dimen274
\caption@parindent=\dimen275
\caption@hangindent=\dimen276
Package caption Info: Standard document class detected.
)
\c@caption@flags=\count278
\c@continuedfloat=\count279
)
\c@subfigure=\count280
\c@subtable=\count281
)
(/opt/homebrew/Cellar/texlive/58837/share/texmf-dist/tex/latex/amsmath/amsmath.
sty
Package: amsmath 2020/09/23 v2.17i AMS math features
\@mathmargin=\skip49

For additional information on amsmath, use the `?' option.

(/opt/homebrew/Cellar/texlive/58837/share/texmf-dist/tex/latex/amsmath/amstext.
sty
Package: amstext 2000/06/29 v2.01 AMS text

(/opt/homebrew/Cellar/texlive/58837/share/texmf-dist/tex/latex/amsmath/amsgen.s
ty
File: amsgen.sty 1999/11/30 v2.0 generic functions
\@emptytoks=\toks30
\ex@=\dimen277
))
(/opt/homebrew/Cellar/texlive/58837/share/texmf-dist/tex/latex/amsmath/amsbsy.s
ty
Package: amsbsy 1999/11/29 v1.2d Bold Symbols
\pmbraise@=\dimen278
)
(/opt/homebrew/Cellar/texlive/58837/share/texmf-dist/tex/latex/amsmath/amsopn.s
ty
Package: amsopn 2016/03/08 v2.02 operator names
)
\inf@bad=\count282
LaTeX Info: Redefining \frac on input line 234.
\uproot@=\count283
\leftroot@=\count284
LaTeX Info: Redefining \overline on input line 399.
\classnum@=\count285
\DOTSCASE@=\count286
LaTeX Info: Redefining \ldots on input line 496.
LaTeX Info: Redefining \dots on input line 499.
LaTeX Info: Redefining \cdots on input line 620.
\Mathstrutbox@=\box58
\strutbox@=\box59
\big@size=\dimen279
LaTeX Font Info:    Redeclaring font encoding OML on input line 743.
LaTeX Font Info:    Redeclaring font encoding OMS on input line 744.
\macc@depth=\count287
\c@MaxMatrixCols=\count288
\dotsspace@=\muskip16
\c@parentequation=\count289
\dspbrk@lvl=\count290
\tag@help=\toks31
\row@=\count291
\column@=\count292
\maxfields@=\count293
\andhelp@=\toks32
\eqnshift@=\dimen280
\alignsep@=\dimen281
\tagshift@=\dimen282
\tagwidth@=\dimen283
\totwidth@=\dimen284
\lineht@=\dimen285
\@envbody=\toks33
\multlinegap=\skip50
\multlinetaggap=\skip51
\mathdisplay@stack=\toks34
LaTeX Info: Redefining \[ on input line 2923.
LaTeX Info: Redefining \] on input line 2924.
)
(/opt/homebrew/Cellar/texlive/58837/share/texmf-dist/tex/latex/fancyhdr/fancyhd
r.sty
Package: fancyhdr 2021/01/28 v4.0.1 Extensive control of page headers and foote
rs
\f@nch@headwidth=\skip52
\f@nch@O@elh=\skip53
\f@nch@O@erh=\skip54
\f@nch@O@olh=\skip55
\f@nch@O@orh=\skip56
\f@nch@O@elf=\skip57
\f@nch@O@erf=\skip58
\f@nch@O@olf=\skip59
\f@nch@O@orf=\skip60
)
(/opt/homebrew/Cellar/texlive/58837/share/texmf-dist/tex/latex/lettrine/lettrin
e.sty
File: lettrine.sty 2020-03-14 v2.23 (Daniel Flipo)

(/opt/homebrew/Cellar/texlive/58837/share/texmf-dist/tex/generic/minifp/minifp.
sty
Package: minifp 2013/12/30 v0.96. Macros for real number operations and a stack
-based programing language.
\MFP@loopctr=\count294
)
\c@DefaultLines=\count295
\c@DefaultDepth=\count296
\DefaultFindent=\dimen286
\DefaultNindent=\dimen287
\DefaultSlope=\dimen288
\DiscardVskip=\dimen289
\L@lbox=\box60
\L@tbox=\box61
\c@L@lines=\count297
\c@L@depth=\count298
\L@Pindent=\dimen290
\L@Findent=\dimen291
\L@Nindent=\dimen292
\L@lraise=\dimen293
\L@first=\dimen294
\L@next=\dimen295
\L@slope=\dimen296
\L@height=\dimen297
\L@novskip=\dimen298
\L@target@ht=\dimen299
\L@target@dp=\dimen300
\L@target@tht=\dimen301
\LettrineWidth=\dimen302
\LettrineHeight=\dimen303
\LettrineDepth=\dimen304
\Llist@everypar=\toks35

Loading lettrine.cfg

(/opt/homebrew/Cellar/texlive/58837/share/texmf-dist/tex/latex/lettrine/lettrin
e.cfg))
(/opt/homebrew/Cellar/texlive/58837/share/texmf-dist/tex/latex/hyperref/hyperre
f.sty
Package: hyperref 2021-02-27 v7.00k Hypertext links for LaTeX

(/opt/homebrew/Cellar/texlive/58837/share/texmf-dist/tex/generic/ltxcmds/ltxcmd
s.sty
Package: ltxcmds 2020-05-10 v1.25 LaTeX kernel commands for general use (HO)
)
(/opt/homebrew/Cellar/texlive/58837/share/texmf-dist/tex/generic/iftex/iftex.st
y
Package: iftex 2020/03/06 v1.0d TeX engine tests
)
(/opt/homebrew/Cellar/texlive/58837/share/texmf-dist/tex/generic/pdftexcmds/pdf
texcmds.sty
Package: pdftexcmds 2020-06-27 v0.33 Utility functions of pdfTeX for LuaTeX (HO
)

(/opt/homebrew/Cellar/texlive/58837/share/texmf-dist/tex/generic/infwarerr/infw
arerr.sty
Package: infwarerr 2019/12/03 v1.5 Providing info/warning/error messages (HO)
)
Package pdftexcmds Info: \pdf@primitive is available.
Package pdftexcmds Info: \pdf@ifprimitive is available.
Package pdftexcmds Info: \pdfdraftmode found.
)
(/opt/homebrew/Cellar/texlive/58837/share/texmf-dist/tex/generic/kvsetkeys/kvse
tkeys.sty
Package: kvsetkeys 2019/12/15 v1.18 Key value parser (HO)
)
(/opt/homebrew/Cellar/texlive/58837/share/texmf-dist/tex/generic/kvdefinekeys/k
vdefinekeys.sty
Package: kvdefinekeys 2019-12-19 v1.6 Define keys (HO)
)
(/opt/homebrew/Cellar/texlive/58837/share/texmf-dist/tex/generic/pdfescape/pdfe
scape.sty
Package: pdfescape 2019/12/09 v1.15 Implements pdfTeX's escape features (HO)
)
(/opt/homebrew/Cellar/texlive/58837/share/texmf-dist/tex/latex/hycolor/hycolor.
sty
Package: hycolor 2020-01-27 v1.10 Color options for hyperref/bookmark (HO)
)
(/opt/homebrew/Cellar/texlive/58837/share/texmf-dist/tex/latex/letltxmacro/letl
txmacro.sty
Package: letltxmacro 2019/12/03 v1.6 Let assignment for LaTeX macros (HO)
)
(/opt/homebrew/Cellar/texlive/58837/share/texmf-dist/tex/latex/auxhook/auxhook.
sty
Package: auxhook 2019-12-17 v1.6 Hooks for auxiliary files (HO)
)
(/opt/homebrew/Cellar/texlive/58837/share/texmf-dist/tex/latex/kvoptions/kvopti
ons.sty
Package: kvoptions 2020-10-07 v3.14 Key value format for package options (HO)
)
\@linkdim=\dimen305
\Hy@linkcounter=\count299
\Hy@pagecounter=\count300

(/opt/homebrew/Cellar/texlive/58837/share/texmf-dist/tex/latex/hyperref/pd1enc.
def
File: pd1enc.def 2021-02-27 v7.00k Hyperref: PDFDocEncoding definition (HO)
Now handling font encoding PD1 ...
... no UTF-8 mapping file for font encoding PD1
)
(/opt/homebrew/Cellar/texlive/58837/share/texmf-dist/tex/latex/hyperref/hyperre
f-langpatches.def
File: hyperref-langpatches.def 2021-02-27 v7.00k Hyperref: patches for babel la
nguages
)
(/opt/homebrew/Cellar/texlive/58837/share/texmf-dist/tex/generic/intcalc/intcal
c.sty
Package: intcalc 2019/12/15 v1.3 Expandable calculations with integers (HO)
)
(/opt/homebrew/Cellar/texlive/58837/share/texmf-dist/tex/generic/etexcmds/etexc
mds.sty
Package: etexcmds 2019/12/15 v1.7 Avoid name clashes with e-TeX commands (HO)
)
\Hy@SavedSpaceFactor=\count301

(/opt/homebrew/Cellar/texlive/58837/share/texmf-dist/tex/latex/hyperref/puenc.d
ef
File: puenc.def 2021-02-27 v7.00k Hyperref: PDF Unicode definition (HO)
Now handling font encoding PU ...
... no UTF-8 mapping file for font encoding PU
)
Package hyperref Info: Hyper figures OFF on input line 4192.
Package hyperref Info: Link nesting OFF on input line 4197.
Package hyperref Info: Hyper index ON on input line 4200.
Package hyperref Info: Plain pages OFF on input line 4207.
Package hyperref Info: Backreferencing OFF on input line 4212.
Package hyperref Info: Implicit mode ON; LaTeX internals redefined.
Package hyperref Info: Bookmarks ON on input line 4445.
\c@Hy@tempcnt=\count302
 (/opt/homebrew/Cellar/texlive/58837/share/texmf-dist/tex/latex/url/url.sty
\Urlmuskip=\muskip17
Package: url 2013/09/16  ver 3.4  Verb mode for urls, etc.
)
LaTeX Info: Redefining \url on input line 4804.
\XeTeXLinkMargin=\dimen306

(/opt/homebrew/Cellar/texlive/58837/share/texmf-dist/tex/generic/bitset/bitset.
sty
Package: bitset 2019/12/09 v1.3 Handle bit-vector datatype (HO)

(/opt/homebrew/Cellar/texlive/58837/share/texmf-dist/tex/generic/bigintcalc/big
intcalc.sty
Package: bigintcalc 2019/12/15 v1.5 Expandable calculations on big integers (HO
)
))
\Fld@menulength=\count303
\Field@Width=\dimen307
\Fld@charsize=\dimen308
Package hyperref Info: Hyper figures OFF on input line 6075.
Package hyperref Info: Link nesting OFF on input line 6080.
Package hyperref Info: Hyper index ON on input line 6083.
Package hyperref Info: backreferencing OFF on input line 6090.
Package hyperref Info: Link coloring OFF on input line 6095.
Package hyperref Info: Link coloring with OCG OFF on input line 6100.
Package hyperref Info: PDF/A mode OFF on input line 6105.
LaTeX Info: Redefining \ref on input line 6145.
LaTeX Info: Redefining \pageref on input line 6149.

(/opt/homebrew/Cellar/texlive/58837/share/texmf-dist/tex/latex/base/atbegshi-lt
x.sty
Package: atbegshi-ltx 2020/08/17 v1.0a Emulation of the original atbegshi packa
ge
with kernel methods
)
\Hy@abspage=\count304
\c@Item=\count305
\c@Hfootnote=\count306
)
Package hyperref Info: Driver (autodetected): hpdftex.

(/opt/homebrew/Cellar/texlive/58837/share/texmf-dist/tex/latex/hyperref/hpdftex
.def
File: hpdftex.def 2021-02-27 v7.00k Hyperref driver for pdfTeX

(/opt/homebrew/Cellar/texlive/58837/share/texmf-dist/tex/latex/base/atveryend-l
tx.sty
Package: atveryend-ltx 2020/08/19 v1.0a Emulation of the original atvery packag
e
with kernel methods
)
\Fld@listcount=\count307
\c@bookmark@seq@number=\count308

(/opt/homebrew/Cellar/texlive/58837/share/texmf-dist/tex/latex/rerunfilecheck/r
erunfilecheck.sty
Package: rerunfilecheck 2019/12/05 v1.9 Rerun checks for auxiliary files (HO)

(/opt/homebrew/Cellar/texlive/58837/share/texmf-dist/tex/generic/uniquecounter/
uniquecounter.sty
Package: uniquecounter 2019/12/15 v1.4 Provide unlimited unique counter (HO)
)
Package uniquecounter Info: New unique counter `rerunfilecheck' on input line 2
86.
)
\Hy@SectionHShift=\skip61
)
(/opt/homebrew/Cellar/texlive/58837/share/texmf-dist/tex/latex/cite/cite.sty
LaTeX Info: Redefining \cite on input line 302.
LaTeX Info: Redefining \nocite on input line 332.
Package: cite 2015/02/27  v 5.5
)
(/opt/homebrew/Cellar/texlive/58837/share/texmf-dist/tex/latex/listings/listing
s.sty
\lst@mode=\count309
\lst@gtempboxa=\box62
\lst@token=\toks36
\lst@length=\count310
\lst@currlwidth=\dimen309
\lst@column=\count311
\lst@pos=\count312
\lst@lostspace=\dimen310
\lst@width=\dimen311
\lst@newlines=\count313
\lst@lineno=\count314
\lst@maxwidth=\dimen312

(/opt/homebrew/Cellar/texlive/58837/share/texmf-dist/tex/latex/listings/lstmisc
.sty
File: lstmisc.sty 2020/03/24 1.8d (Carsten Heinz)
\c@lstnumber=\count315
\lst@skipnumbers=\count316
\lst@framebox=\box63
)
(/opt/homebrew/Cellar/texlive/58837/share/texmf-dist/tex/latex/listings/listing
s.cfg
File: listings.cfg 2020/03/24 1.8d listings configuration
))
Package: listings 2020/03/24 1.8d (Carsten Heinz)

(/opt/homebrew/Cellar/texlive/58837/share/texmf-dist/tex/latex/tocbibind/tocbib
ind.sty
Package: tocbibind 2010/10/13 v1.5k extra ToC listings
Package tocbibind Info: The document has section divisions on input line 50.


Package tocbibind Note: Using section or other style headings.

) (../assets/scripts/tex/color-env.sty

LaTeX Warning: You have requested package `../assets/scripts/tex/color-env',
               but the package provides `color-env'.

Package: color-env 2020/10/31 v1.0 color-env

(/opt/homebrew/Cellar/texlive/58837/share/texmf-dist/tex/latex/mdframed/mdframe
d.sty
Package: mdframed 2013/07/01 1.9b: mdframed

(/opt/homebrew/Cellar/texlive/58837/share/texmf-dist/tex/latex/l3packages/xpars
e/xparse.sty
(/opt/homebrew/Cellar/texlive/58837/share/texmf-dist/tex/latex/l3kernel/expl3.s
ty
Package: expl3 2021-02-18 L3 programming layer (loader) 

(/opt/homebrew/Cellar/texlive/58837/share/texmf-dist/tex/latex/l3backend/l3back
end-pdftex.def
File: l3backend-pdftex.def 2021-03-18 L3 backend support: PDF output (pdfTeX)
\l__color_backend_stack_int=\count317
\l__pdf_internal_box=\box64
))
(/opt/homebrew/Cellar/texlive/58837/share/texmf-dist/tex/latex/l3packages/xpars
e/xparse-2020-10-01.sty
(/opt/homebrew/Cellar/texlive/58837/share/texmf-dist/tex/latex/l3packages/xpars
e/xparse-generic.tex)))
(/opt/homebrew/Cellar/texlive/58837/share/texmf-dist/tex/latex/etoolbox/etoolbo
x.sty
Package: etoolbox 2020/10/05 v2.5k e-TeX tools for LaTeX (JAW)
\etb@tempcnta=\count318
)
(/opt/homebrew/Cellar/texlive/58837/share/texmf-dist/tex/latex/zref/zref-abspag
e.sty
Package: zref-abspage 2020-07-03 v2.32 Module abspage for zref (HO)

(/opt/homebrew/Cellar/texlive/58837/share/texmf-dist/tex/latex/zref/zref-base.s
ty
Package: zref-base 2020-07-03 v2.32 Module base for zref (HO)
Package zref Info: New property list: main on input line 764.
Package zref Info: New property: default on input line 765.
Package zref Info: New property: page on input line 766.
)
\c@abspage=\count319
Package zref Info: New property: abspage on input line 66.
)
(/opt/homebrew/Cellar/texlive/58837/share/texmf-dist/tex/latex/needspace/needsp
ace.sty
Package: needspace 2010/09/12 v1.3d reserve vertical space
)
\mdf@templength=\skip62
\c@mdf@globalstyle@cnt=\count320
\mdf@skipabove@length=\skip63
\mdf@skipbelow@length=\skip64
\mdf@leftmargin@length=\skip65
\mdf@rightmargin@length=\skip66
\mdf@innerleftmargin@length=\skip67
\mdf@innerrightmargin@length=\skip68
\mdf@innertopmargin@length=\skip69
\mdf@innerbottommargin@length=\skip70
\mdf@splittopskip@length=\skip71
\mdf@splitbottomskip@length=\skip72
\mdf@outermargin@length=\skip73
\mdf@innermargin@length=\skip74
\mdf@linewidth@length=\skip75
\mdf@innerlinewidth@length=\skip76
\mdf@middlelinewidth@length=\skip77
\mdf@outerlinewidth@length=\skip78
\mdf@roundcorner@length=\skip79
\mdf@footenotedistance@length=\skip80
\mdf@userdefinedwidth@length=\skip81
\mdf@needspace@length=\skip82
\mdf@frametitleaboveskip@length=\skip83
\mdf@frametitlebelowskip@length=\skip84
\mdf@frametitlerulewidth@length=\skip85
\mdf@frametitleleftmargin@length=\skip86
\mdf@frametitlerightmargin@length=\skip87
\mdf@shadowsize@length=\skip88
\mdf@extratopheight@length=\skip89
\mdf@subtitleabovelinewidth@length=\skip90
\mdf@subtitlebelowlinewidth@length=\skip91
\mdf@subtitleaboveskip@length=\skip92
\mdf@subtitlebelowskip@length=\skip93
\mdf@subtitleinneraboveskip@length=\skip94
\mdf@subtitleinnerbelowskip@length=\skip95
\mdf@subsubtitleabovelinewidth@length=\skip96
\mdf@subsubtitlebelowlinewidth@length=\skip97
\mdf@subsubtitleaboveskip@length=\skip98
\mdf@subsubtitlebelowskip@length=\skip99
\mdf@subsubtitleinneraboveskip@length=\skip100
\mdf@subsubtitleinnerbelowskip@length=\skip101

(/opt/homebrew/Cellar/texlive/58837/share/texmf-dist/tex/latex/mdframed/md-fram
e-1.mdf
File: md-frame-1.mdf 2013/07/01\ 1.9b: md-frame-1
)
\mdf@frametitlebox=\box65
\mdf@footnotebox=\box66
\mdf@splitbox@one=\box67
\mdf@splitbox@two=\box68
\mdf@splitbox@save=\box69
\mdfsplitboxwidth=\skip102
\mdfsplitboxtotalwidth=\skip103
\mdfsplitboxheight=\skip104
\mdfsplitboxdepth=\skip105
\mdfsplitboxtotalheight=\skip106
\mdfframetitleboxwidth=\skip107
\mdfframetitleboxtotalwidth=\skip108
\mdfframetitleboxheight=\skip109
\mdfframetitleboxdepth=\skip110
\mdfframetitleboxtotalheight=\skip111
\mdffootnoteboxwidth=\skip112
\mdffootnoteboxtotalwidth=\skip113
\mdffootnoteboxheight=\skip114
\mdffootnoteboxdepth=\skip115
\mdffootnoteboxtotalheight=\skip116
\mdftotallinewidth=\skip117
\mdfboundingboxwidth=\skip118
\mdfboundingboxtotalwidth=\skip119
\mdfboundingboxheight=\skip120
\mdfboundingboxdepth=\skip121
\mdfboundingboxtotalheight=\skip122
\mdf@freevspace@length=\skip123
\mdf@horizontalwidthofbox@length=\skip124
\mdf@verticalmarginwhole@length=\skip125
\mdf@horizontalspaceofbox=\skip126
\mdfsubtitleheight=\skip127
\mdfsubsubtitleheight=\skip128
\c@mdfcountframes=\count321

****** mdframed patching \endmdf@trivlist

****** -- success******

\mdf@envdepth=\count322
\c@mdf@env@i=\count323
\c@mdf@env@ii=\count324
\c@mdf@zref@counter=\count325
Package zref Info: New property: mdf@pagevalue on input line 895.
)
(/opt/homebrew/Cellar/texlive/58837/share/texmf-dist/tex/latex/framed/framed.st
y
Package: framed 2011/10/22 v 0.96: framed or shaded text with page breaks
\OuterFrameSep=\skip129
\fb@frw=\dimen313
\fb@frh=\dimen314
\FrameRule=\dimen315
\FrameSep=\dimen316
)
(/opt/homebrew/Cellar/texlive/58837/share/texmf-dist/tex/latex/amscls/amsthm.st
y
Package: amsthm 2020/05/29 v2.20.6
\thm@style=\toks37
\thm@bodyfont=\toks38
\thm@headfont=\toks39
\thm@notefont=\toks40
\thm@headpunct=\toks41
\thm@preskip=\skip130
\thm@postskip=\skip131
\thm@headsep=\skip132
\dth@everypar=\toks42
)
\c@prob=\count326
\c@theo=\count327
\c@lem=\count328
\c@def=\count329
\c@cor=\count330
\c@prop=\count331
)
(/opt/homebrew/Cellar/texlive/58837/share/texmf-dist/tex/generic/babel/babel.st
y
Package: babel 2021/03/24 3.56 The Babel package

(/opt/homebrew/Cellar/texlive/58837/share/texmf-dist/tex/generic/babel/babel.de
f
File: babel.def 2021/03/24 3.56 Babel common definitions
\babel@savecnt=\count332
\U@D=\dimen317
\l@babelnohyphens=\language87

(/opt/homebrew/Cellar/texlive/58837/share/texmf-dist/tex/generic/babel/txtbabel
.def)
\bbl@readstream=\read3
)
\bbl@dirlevel=\count333

(/opt/homebrew/Cellar/texlive/58837/share/texmf-dist/tex/generic/babel-german/n
german.ldf
Language: ngerman 2021/02/27 v2.13 German support for babel (post-1996 orthogra
phy)

(/opt/homebrew/Cellar/texlive/58837/share/texmf-dist/tex/generic/babel-german/n
germanb.ldf
Language: ngermanb 2021/02/27 v2.13 German support for babel (post-1996 orthogr
aphy)
Package babel Info: Making " an active character on input line 122.
)))
(/opt/homebrew/Cellar/texlive/58837/share/texmf-dist/tex/generic/pgf/frontendla
yer/tikz/libraries/tikzlibraryshapes.code.tex
File: tikzlibraryshapes.code.tex 2020/12/27 v3.1.8b (3.1.8b)

(/opt/homebrew/Cellar/texlive/58837/share/texmf-dist/tex/generic/pgf/frontendla
yer/tikz/libraries/tikzlibraryshapes.geometric.code.tex
File: tikzlibraryshapes.geometric.code.tex 2020/12/27 v3.1.8b (3.1.8b)

(/opt/homebrew/Cellar/texlive/58837/share/texmf-dist/tex/generic/pgf/libraries/
shapes/pgflibraryshapes.geometric.code.tex
File: pgflibraryshapes.geometric.code.tex 2020/12/27 v3.1.8b (3.1.8b)
))
(/opt/homebrew/Cellar/texlive/58837/share/texmf-dist/tex/generic/pgf/frontendla
yer/tikz/libraries/tikzlibraryshapes.misc.code.tex
File: tikzlibraryshapes.misc.code.tex 2020/12/27 v3.1.8b (3.1.8b)

(/opt/homebrew/Cellar/texlive/58837/share/texmf-dist/tex/generic/pgf/libraries/
shapes/pgflibraryshapes.misc.code.tex
File: pgflibraryshapes.misc.code.tex 2020/12/27 v3.1.8b (3.1.8b)
))
(/opt/homebrew/Cellar/texlive/58837/share/texmf-dist/tex/generic/pgf/frontendla
yer/tikz/libraries/tikzlibraryshapes.symbols.code.tex
File: tikzlibraryshapes.symbols.code.tex 2020/12/27 v3.1.8b (3.1.8b)

(/opt/homebrew/Cellar/texlive/58837/share/texmf-dist/tex/generic/pgf/libraries/
shapes/pgflibraryshapes.symbols.code.tex
File: pgflibraryshapes.symbols.code.tex 2020/12/27 v3.1.8b (3.1.8b)
))
(/opt/homebrew/Cellar/texlive/58837/share/texmf-dist/tex/generic/pgf/frontendla
yer/tikz/libraries/tikzlibraryshapes.arrows.code.tex
File: tikzlibraryshapes.arrows.code.tex 2020/12/27 v3.1.8b (3.1.8b)

(/opt/homebrew/Cellar/texlive/58837/share/texmf-dist/tex/generic/pgf/libraries/
shapes/pgflibraryshapes.arrows.code.tex
File: pgflibraryshapes.arrows.code.tex 2020/12/27 v3.1.8b (3.1.8b)
))
(/opt/homebrew/Cellar/texlive/58837/share/texmf-dist/tex/generic/pgf/frontendla
yer/tikz/libraries/tikzlibraryshapes.callouts.code.tex
(/opt/homebrew/Cellar/texlive/58837/share/texmf-dist/tex/generic/pgf/libraries/
shapes/pgflibraryshapes.callouts.code.tex))
(/opt/homebrew/Cellar/texlive/58837/share/texmf-dist/tex/generic/pgf/frontendla
yer/tikz/libraries/tikzlibraryshapes.multipart.code.tex
File: tikzlibraryshapes.multipart.code.tex 2020/12/27 v3.1.8b (3.1.8b)

(/opt/homebrew/Cellar/texlive/58837/share/texmf-dist/tex/generic/pgf/libraries/
shapes/pgflibraryshapes.multipart.code.tex
File: pgflibraryshapes.multipart.code.tex 2020/12/27 v3.1.8b (3.1.8b)
\pgfnodepartlowerbox=\box70
\pgfnodeparttwobox=\box71
\pgfnodepartthreebox=\box72
\pgfnodepartfourbox=\box73
\pgfnodeparttwentybox=\box74
\pgfnodepartnineteenbox=\box75
\pgfnodeparteighteenbox=\box76
\pgfnodepartseventeenbox=\box77
\pgfnodepartsixteenbox=\box78
\pgfnodepartfifteenbox=\box79
\pgfnodepartfourteenbox=\box80
\pgfnodepartthirteenbox=\box81
\pgfnodeparttwelvebox=\box82
\pgfnodepartelevenbox=\box83
\pgfnodeparttenbox=\box84
\pgfnodepartninebox=\box85
\pgfnodeparteightbox=\box86
\pgfnodepartsevenbox=\box87
\pgfnodepartsixbox=\box88
\pgfnodepartfivebox=\box89
)))
(/opt/homebrew/Cellar/texlive/58837/share/texmf-dist/tex/generic/pgf/frontendla
yer/tikz/libraries/tikzlibraryarrows.code.tex
File: tikzlibraryarrows.code.tex 2020/12/27 v3.1.8b (3.1.8b)

(/opt/homebrew/Cellar/texlive/58837/share/texmf-dist/tex/generic/pgf/libraries/
pgflibraryarrows.code.tex
File: pgflibraryarrows.code.tex 2020/12/27 v3.1.8b (3.1.8b)
\arrowsize=\dimen318
))
(/opt/homebrew/Cellar/texlive/58837/share/texmf-dist/tex/latex/geometry/geometr
y.sty
Package: geometry 2020/01/02 v5.9 Page Geometry

(/opt/homebrew/Cellar/texlive/58837/share/texmf-dist/tex/generic/iftex/ifvtex.s
ty
Package: ifvtex 2019/10/25 v1.7 ifvtex legacy package. Use iftex instead.
)
\Gm@cnth=\count334
\Gm@cntv=\count335
\c@Gm@tempcnt=\count336
\Gm@bindingoffset=\dimen319
\Gm@wd@mp=\dimen320
\Gm@odd@mp=\dimen321
\Gm@even@mp=\dimen322
\Gm@layoutwidth=\dimen323
\Gm@layoutheight=\dimen324
\Gm@layouthoffset=\dimen325
\Gm@layoutvoffset=\dimen326
\Gm@dimlist=\toks43
)
(/opt/homebrew/Cellar/texlive/58837/share/texmf-dist/tex/latex/anyfontsize/anyf
ontsize.sty
Package: anyfontsize 2007/11/22 anyfontsize.sty by pts
) (./gep3.aux

LaTeX Warning: Label `fig:31_242' multiply defined.


LaTeX Warning: Label `fig:31_242' multiply defined.


LaTeX Warning: Label `fig:31_242' multiply defined.

)
\openout1 = `gep3.aux'.

LaTeX Font Info:    Checking defaults for OML/cmm/m/it on input line 86.
LaTeX Font Info:    ... okay on input line 86.
LaTeX Font Info:    Checking defaults for OMS/cmsy/m/n on input line 86.
LaTeX Font Info:    ... okay on input line 86.
LaTeX Font Info:    Checking defaults for OT1/cmr/m/n on input line 86.
LaTeX Font Info:    ... okay on input line 86.
LaTeX Font Info:    Checking defaults for T1/cmr/m/n on input line 86.
LaTeX Font Info:    ... okay on input line 86.
LaTeX Font Info:    Checking defaults for TS1/cmr/m/n on input line 86.
LaTeX Font Info:    ... okay on input line 86.
LaTeX Font Info:    Checking defaults for OMX/cmex/m/n on input line 86.
LaTeX Font Info:    ... okay on input line 86.
LaTeX Font Info:    Checking defaults for U/cmr/m/n on input line 86.
LaTeX Font Info:    ... okay on input line 86.
LaTeX Font Info:    Checking defaults for PD1/pdf/m/n on input line 86.
LaTeX Font Info:    ... okay on input line 86.
LaTeX Font Info:    Checking defaults for PU/pdf/m/n on input line 86.
LaTeX Font Info:    ... okay on input line 86.

(/opt/homebrew/Cellar/texlive/58837/share/texmf-dist/tex/context/base/mkii/supp
-pdf.mkii
[Loading MPS to PDF converter (version 2006.09.02).]
\scratchcounter=\count337
\scratchdimen=\dimen327
\scratchbox=\box90
\nofMPsegments=\count338
\nofMParguments=\count339
\everyMPshowfont=\toks44
\MPscratchCnt=\count340
\MPscratchDim=\dimen328
\MPnumerator=\count341
\makeMPintoPDFobject=\count342
\everyMPtoPDFconversion=\toks45
)
(/opt/homebrew/Cellar/texlive/58837/share/texmf-dist/tex/latex/epstopdf-pkg/eps
topdf-base.sty
Package: epstopdf-base 2020-01-24 v2.11 Base part for package epstopdf
Package epstopdf-base Info: Redefining graphics rule for `.eps' on input line 4
85.

(/opt/homebrew/Cellar/texlive/58837/share/texmf-dist/tex/latex/latexconfig/epst
opdf-sys.cfg
File: epstopdf-sys.cfg 2010/07/13 v1.3 Configuration of (r)epstopdf for TeX Liv
e
))
Package caption Info: Begin \AtBeginDocument code.
Package caption Info: hyperref package is loaded.
Package caption Info: listings package is loaded.
Package caption Info: End \AtBeginDocument code.
Package hyperref Info: Link coloring OFF on input line 86.

(/opt/homebrew/Cellar/texlive/58837/share/texmf-dist/tex/latex/hyperref/nameref
.sty
Package: nameref 2021-04-02 v2.47 Cross-referencing by name of section

(/opt/homebrew/Cellar/texlive/58837/share/texmf-dist/tex/latex/refcount/refcoun
t.sty
Package: refcount 2019/12/15 v3.6 Data extraction from label references (HO)
)
(/opt/homebrew/Cellar/texlive/58837/share/texmf-dist/tex/generic/gettitlestring
/gettitlestring.sty
Package: gettitlestring 2019/12/15 v1.6 Cleanup title references (HO)
)
\c@section@level=\count343
)
LaTeX Info: Redefining \ref on input line 86.
LaTeX Info: Redefining \pageref on input line 86.
LaTeX Info: Redefining \nameref on input line 86.
 (./gep3.out) (./gep3.out)
\@outlinefile=\write4
\openout4 = `gep3.out'.

\c@lstlisting=\count344

*geometry* driver: auto-detecting
*geometry* detected driver: pdftex
*geometry* verbose mode - [ preamble ] result:
* driver: pdftex
* paper: <default>
* layout: <same size as paper>
* layoutoffset:(h,v)=(0.0pt,0.0pt)
* modes: includehead 
* h-part:(L,W,R)=(92.14519pt, 430.00462pt, 92.14519pt)
* v-part:(T,H,B)=(0.0pt, 729.80038pt, 65.1696pt)
* \paperwidth=614.295pt
* \paperheight=794.96999pt
* \textwidth=430.00462pt
* \textheight=656.43071pt
* \oddsidemargin=19.8752pt
* \evensidemargin=19.8752pt
* \topmargin=-72.26999pt
* \headheight=48.36967pt
* \headsep=25.0pt
* \topskip=10.0pt
* \footskip=33.39996pt
* \marginparwidth=65.0pt
* \marginparsep=11.0pt
* \columnsep=10.0pt
* \skip\footins=9.0pt plus 4.0pt minus 2.0pt
* \hoffset=0.0pt
* \voffset=0.0pt
* \mag=1000
* \@twocolumnfalse
* \@twosidefalse
* \@mparswitchfalse
* \@reversemarginfalse
* (1in=72.27pt=25.4mm, 1cm=28.453pt)


Underfull \hbox (badness 7221) in paragraph at lines 154--154
 [][][] \T1/cmr/bx/n/24.88 GEP
 []

[1

{/opt/homebrew/Cellar/texlive/58837/share/texmf-dist/fonts/map/pdftex/updmap/pd
ftex.map}] (./gep3.toc)
\tf@toc=\write5
\openout5 = `gep3.toc'.

 (./gep3.lof)
\tf@lof=\write6
\openout6 = `gep3.lof'.

 (./gep3.lot)
\tf@lot=\write7
\openout7 = `gep3.lot'.

<../assets/images/haw.jpg, id=139, 401.5pt x 281.05pt>
File: ../assets/images/haw.jpg Graphic file (type jpg)
<use ../assets/images/haw.jpg>
Package pdftex.def Info: ../assets/images/haw.jpg  used on input line 172.
(pdftex.def)             Requested size: 80.29857pt x 56.209pt.


Package fancyhdr Warning: \footskip is too small (33.39996pt): 
(fancyhdr)                Make it at least 59.80904pt, for example:
(fancyhdr)                \setlength{\footskip}{59.80904pt}.

[2 <../assets/images/haw.jpg>]
Underfull \hbox (badness 10000) in paragraph at lines 176--177

 []


Underfull \hbox (badness 10000) in paragraph at lines 179--181

 []

<../assets/images/gep3/esb.png, id=167, 560.0925pt x 241.65282pt>
File: ../assets/images/gep3/esb.png Graphic file (type png)
<use ../assets/images/gep3/esb.png>
Package pdftex.def Info: ../assets/images/gep3/esb.png  used on input line 187.

(pdftex.def)             Requested size: 430.00462pt x 185.53488pt.
File: ../assets/images/haw.jpg Graphic file (type jpg)
<use ../assets/images/haw.jpg>
Package pdftex.def Info: ../assets/images/haw.jpg  used on input line 195.
(pdftex.def)             Requested size: 80.29857pt x 56.209pt.

Package fancyhdr Warning: \footskip is too small (33.39996pt): 
(fancyhdr)                Make it at least 59.80904pt, for example:
(fancyhdr)                \setlength{\footskip}{59.80904pt}.

[3 <../assets/images/gep3/esb.png (PNG copy)>]
<../assets/images/gep3/leerlauf_aufbau.png, id=172, 1062.97125pt x 344.28625pt>

File: ../assets/images/gep3/leerlauf_aufbau.png Graphic file (type png)
<use ../assets/images/gep3/leerlauf_aufbau.png>
Package pdftex.def Info: ../assets/images/gep3/leerlauf_aufbau.png  used on inp
ut line 211.
(pdftex.def)             Requested size: 430.00462pt x 139.27756pt.


Package hyperref Warning: Token not allowed in a PDF string (Unicode):
(hyperref)                removing `math shift' on input line 216.


Package hyperref Warning: Token not allowed in a PDF string (Unicode):
(hyperref)                removing `subscript' on input line 216.


Package hyperref Warning: Token not allowed in a PDF string (Unicode):
(hyperref)                removing `math shift' on input line 216.


Package hyperref Warning: Token not allowed in a PDF string (Unicode):
(hyperref)                removing `math shift' on input line 216.


Package hyperref Warning: Token not allowed in a PDF string (Unicode):
(hyperref)                removing `subscript' on input line 216.


Package hyperref Warning: Token not allowed in a PDF string (Unicode):
(hyperref)                removing `math shift' on input line 216.

<../assets/images/gep3/u10_i10.png, id=174, 421.21pt x 316.09pt>
File: ../assets/images/gep3/u10_i10.png Graphic file (type png)
<use ../assets/images/gep3/u10_i10.png>
Package pdftex.def Info: ../assets/images/gep3/u10_i10.png  used on input line 
257.
(pdftex.def)             Requested size: 193.50076pt x 145.21022pt.
<../assets/images/gep3/u10_p10.png, id=175, 422.67pt x 317.55pt>
File: ../assets/images/gep3/u10_p10.png Graphic file (type png)
<use ../assets/images/gep3/u10_p10.png>
Package pdftex.def Info: ../assets/images/gep3/u10_p10.png  used on input line 
262.
(pdftex.def)             Requested size: 193.50076pt x 145.37703pt.

LaTeX Warning: `h' float specifier changed to `ht'.

File: ../assets/images/haw.jpg Graphic file (type jpg)
<use ../assets/images/haw.jpg>
Package pdftex.def Info: ../assets/images/haw.jpg  used on input line 280.
(pdftex.def)             Requested size: 80.29857pt x 56.209pt.

Package fancyhdr Warning: \footskip is too small (33.39996pt): 
(fancyhdr)                Make it at least 59.80904pt, for example:
(fancyhdr)                \setlength{\footskip}{59.80904pt}.

[4 <../assets/images/gep3/leerlauf_aufbau.png>]
<../assets/images/gep3/trafostrom_voll.png, id=185, 603.75563pt x 323.70938pt>
File: ../assets/images/gep3/trafostrom_voll.png Graphic file (type png)
<use ../assets/images/gep3/trafostrom_voll.png>
Package pdftex.def Info: ../assets/images/gep3/trafostrom_voll.png  used on inp
ut line 296.
(pdftex.def)             Requested size: 193.50076pt x 103.74718pt.
<../assets/images/gep3/trafostrom_halb.png, id=186, 603.0028pt x 317.68687pt>
File: ../assets/images/gep3/trafostrom_halb.png Graphic file (type png)
<use ../assets/images/gep3/trafostrom_halb.png>
Package pdftex.def Info: ../assets/images/gep3/trafostrom_halb.png  used on inp
ut line 301.
(pdftex.def)             Requested size: 193.50076pt x 101.94302pt.
File: ../assets/images/haw.jpg Graphic file (type jpg)
<use ../assets/images/haw.jpg>
Package pdftex.def Info: ../assets/images/haw.jpg  used on input line 315.
(pdftex.def)             Requested size: 80.29857pt x 56.209pt.


Package fancyhdr Warning: \footskip is too small (33.39996pt): 
(fancyhdr)                Make it at least 59.80904pt, for example:
(fancyhdr)                \setlength{\footskip}{59.80904pt}.

[5 <../assets/images/gep3/u10_i10.png (PNG copy)> <../assets/images/gep3/u10_p1
0.png (PNG copy)> <../assets/images/gep3/trafostrom_voll.png> <../assets/images
/gep3/trafostrom_halb.png>]
<../assets/images/gep3/einschalt_0deg.PNG, id=197, 603.0028pt x 318.43968pt>
File: ../assets/images/gep3/einschalt_0deg.PNG Graphic file (type png)
<use ../assets/images/gep3/einschalt_0deg.PNG>
Package pdftex.def Info: ../assets/images/gep3/einschalt_0deg.PNG  used on inpu
t line 318.
(pdftex.def)             Requested size: 430.00462pt x 227.08012pt.
<../assets/images/gep3/einschalt_45deg.png, id=198, 601.4972pt x 318.43968pt>
File: ../assets/images/gep3/einschalt_45deg.png Graphic file (type png)
<use ../assets/images/gep3/einschalt_45deg.png>
Package pdftex.def Info: ../assets/images/gep3/einschalt_45deg.png  used on inp
ut line 329.
(pdftex.def)             Requested size: 193.50076pt x 102.44212pt.
<../assets/images/gep3/einschalt_90deg.png, id=199, 601.4972pt x 316.93407pt>
File: ../assets/images/gep3/einschalt_90deg.png Graphic file (type png)
<use ../assets/images/gep3/einschalt_90deg.png>
Package pdftex.def Info: ../assets/images/gep3/einschalt_90deg.png  used on inp
ut line 334.
(pdftex.def)             Requested size: 193.50076pt x 101.95776pt.
File: ../assets/images/haw.jpg Graphic file (type jpg)
<use ../assets/images/haw.jpg>
Package pdftex.def Info: ../assets/images/haw.jpg  used on input line 348.
(pdftex.def)             Requested size: 80.29857pt x 56.209pt.


Package fancyhdr Warning: \footskip is too small (33.39996pt): 
(fancyhdr)                Make it at least 59.80904pt, for example:
(fancyhdr)                \setlength{\footskip}{59.80904pt}.

[6 <../assets/images/gep3/einschalt_0deg.PNG> <../assets/images/gep3/einschalt_
45deg.png> <../assets/images/gep3/einschalt_90deg.png>]
<../assets/images/gep3/ik_uk.png, id=208, 422.67pt x 317.55pt>
File: ../assets/images/gep3/ik_uk.png Graphic file (type png)
<use ../assets/images/gep3/ik_uk.png>
Package pdftex.def Info: ../assets/images/gep3/ik_uk.png  used on input line 39
5.
(pdftex.def)             Requested size: 193.50076pt x 145.37703pt.
<../assets/images/gep3/ik_pk.png, id=209, 422.67pt x 317.55pt>
File: ../assets/images/gep3/ik_pk.png Graphic file (type png)
<use ../assets/images/gep3/ik_pk.png>
Package pdftex.def Info: ../assets/images/gep3/ik_pk.png  used on input line 40
0.
(pdftex.def)             Requested size: 193.50076pt x 145.37703pt.


LaTeX Warning: Command \" invalid in math mode on input line 406.

Missing character: There is no  in font cmr7!

LaTeX Warning: Command \" invalid in math mode on input line 409.

Missing character: There is no  in font cmr7!
<../assets/images/gep3/belastung_aufbau.png, id=210, 1181.41376pt x 333.245pt>
File: ../assets/images/gep3/belastung_aufbau.png Graphic file (type png)
<use ../assets/images/gep3/belastung_aufbau.png>
Package pdftex.def Info: ../assets/images/gep3/belastung_aufbau.png  used on in
put line 418.
(pdftex.def)             Requested size: 430.00462pt x 121.29018pt.

LaTeX Warning: `h' float specifier changed to `ht'.

File: ../assets/images/haw.jpg Graphic file (type jpg)
<use ../assets/images/haw.jpg>
Package pdftex.def Info: ../assets/images/haw.jpg  used on input line 455.
(pdftex.def)             Requested size: 80.29857pt x 56.209pt.

Package fancyhdr Warning: \footskip is too small (33.39996pt): 
(fancyhdr)                Make it at least 59.80904pt, for example:
(fancyhdr)                \setlength{\footskip}{59.80904pt}.

[7 <../assets/images/gep3/ik_uk.png (PNG copy)> <../assets/images/gep3/ik_pk.pn
g (PNG copy)>]
<../assets/images/gep3/i2_u2.png, id=216, 421.21pt x 316.09pt>
File: ../assets/images/gep3/i2_u2.png Graphic file (type png)
<use ../assets/images/gep3/i2_u2.png>
Package pdftex.def Info: ../assets/images/gep3/i2_u2.png  used on input line 46
1.
(pdftex.def)             Requested size: 430.00462pt x 322.70172pt.


LaTeX Warning: `h' float specifier changed to `ht'.


Package hyperref Warning: Token not allowed in a PDF string (Unicode):
(hyperref)                removing `math shift' on input line 475.


Package hyperref Warning: Token not allowed in a PDF string (Unicode):
(hyperref)                removing `subscript' on input line 475.


Package hyperref Warning: Token not allowed in a PDF string (Unicode):
(hyperref)                removing `math shift' on input line 475.


Package hyperref Warning: Token not allowed in a PDF string (Unicode):
(hyperref)                removing `math shift' on input line 475.


Package hyperref Warning: Token not allowed in a PDF string (Unicode):
(hyperref)                removing `subscript' on input line 475.


Package hyperref Warning: Token not allowed in a PDF string (Unicode):
(hyperref)                removing `math shift' on input line 475.


Package hyperref Warning: Token not allowed in a PDF string (Unicode):
(hyperref)                removing `math shift' on input line 490.


Package hyperref Warning: Token not allowed in a PDF string (Unicode):
(hyperref)                removing `subscript' on input line 490.


Package hyperref Warning: Token not allowed in a PDF string (Unicode):
(hyperref)                removing `math shift' on input line 490.


Package hyperref Warning: Token not allowed in a PDF string (Unicode):
(hyperref)                removing `math shift' on input line 490.


Package hyperref Warning: Token not allowed in a PDF string (Unicode):
(hyperref)                removing `subscript' on input line 490.


Package hyperref Warning: Token not allowed in a PDF string (Unicode):
(hyperref)                removing `math shift' on input line 490.

File: ../assets/images/haw.jpg Graphic file (type jpg)
<use ../assets/images/haw.jpg>
Package pdftex.def Info: ../assets/images/haw.jpg  used on input line 495.
(pdftex.def)             Requested size: 80.29857pt x 56.209pt.

Package fancyhdr Warning: \footskip is too small (33.39996pt): 
(fancyhdr)                Make it at least 59.80904pt, for example:
(fancyhdr)                \setlength{\footskip}{59.80904pt}.

[8 <../assets/images/gep3/belastung_aufbau.png>]
File: ../assets/images/haw.jpg Graphic file (type jpg)
<use ../assets/images/haw.jpg>
Package pdftex.def Info: ../assets/images/haw.jpg  used on input line 520.
(pdftex.def)             Requested size: 80.29857pt x 56.209pt.


Package fancyhdr Warning: \footskip is too small (33.39996pt): 
(fancyhdr)                Make it at least 59.80904pt, for example:
(fancyhdr)                \setlength{\footskip}{59.80904pt}.

[9 <../assets/images/gep3/i2_u2.png (PNG copy)>]
File: ../assets/images/haw.jpg Graphic file (type jpg)
<use ../assets/images/haw.jpg>
Package pdftex.def Info: ../assets/images/haw.jpg  used on input line 545.
(pdftex.def)             Requested size: 80.29857pt x 56.209pt.


Package fancyhdr Warning: \footskip is too small (33.39996pt): 
(fancyhdr)                Make it at least 59.80904pt, for example:
(fancyhdr)                \setlength{\footskip}{59.80904pt}.

[10] (./gep3.aux)

LaTeX Warning: There were multiply-defined labels.

Package rerunfilecheck Info: File `gep3.out' has not changed.
(rerunfilecheck)             Checksum: 02852EA27BD3CAB3A05CC9F344B8B96A;4066.
 ) 
Here is how much of TeX's memory you used:
 40763 strings out of 478994
 927976 string characters out of 5849630
 1486177 words of memory out of 5000000
 57627 multiletter control sequences out of 15000+600000
 419981 words of font info for 60 fonts, out of 8000000 for 9000
 1141 hyphenation exceptions out of 8191
 128i,16n,130p,634b,706s stack positions out of 5000i,500n,10000p,200000b,80000s
{/opt/homebrew/Cellar/texlive/58837/share/texmf-dist/fonts/enc/dvips/cm-super
/cm-super-t1.enc}</opt/homebrew/Cellar/texlive/58837/share/texmf-dist/fonts/typ
e1/public/amsfonts/cm/cmex10.pfb></opt/homebrew/Cellar/texlive/58837/share/texm
f-dist/fonts/type1/public/amsfonts/cm/cmmi10.pfb></opt/homebrew/Cellar/texlive/
58837/share/texmf-dist/fonts/type1/public/amsfonts/cm/cmmi12.pfb></opt/homebrew
/Cellar/texlive/58837/share/texmf-dist/fonts/type1/public/amsfonts/cm/cmmi5.pfb
></opt/homebrew/Cellar/texlive/58837/share/texmf-dist/fonts/type1/public/amsfon
ts/cm/cmmi7.pfb></opt/homebrew/Cellar/texlive/58837/share/texmf-dist/fonts/type
1/public/amsfonts/cm/cmmi8.pfb></opt/homebrew/Cellar/texlive/58837/share/texmf-
dist/fonts/type1/public/amsfonts/cm/cmmi9.pfb></opt/homebrew/Cellar/texlive/588
37/share/texmf-dist/fonts/type1/public/amsfonts/cm/cmr10.pfb></opt/homebrew/Cel
lar/texlive/58837/share/texmf-dist/fonts/type1/public/amsfonts/cm/cmr5.pfb></op
t/homebrew/Cellar/texlive/58837/share/texmf-dist/fonts/type1/public/amsfonts/cm
/cmr6.pfb></opt/homebrew/Cellar/texlive/58837/share/texmf-dist/fonts/type1/publ
ic/amsfonts/cm/cmr7.pfb></opt/homebrew/Cellar/texlive/58837/share/texmf-dist/fo
nts/type1/public/amsfonts/cm/cmr8.pfb></opt/homebrew/Cellar/texlive/58837/share
/texmf-dist/fonts/type1/public/amsfonts/cm/cmr9.pfb></opt/homebrew/Cellar/texli
ve/58837/share/texmf-dist/fonts/type1/public/amsfonts/cm/cmsy10.pfb></opt/homeb
rew/Cellar/texlive/58837/share/texmf-dist/fonts/type1/public/amsfonts/cm/cmsy5.
pfb></opt/homebrew/Cellar/texlive/58837/share/texmf-dist/fonts/type1/public/ams
fonts/cm/cmsy6.pfb></opt/homebrew/Cellar/texlive/58837/share/texmf-dist/fonts/t
ype1/public/amsfonts/cm/cmsy7.pfb></opt/homebrew/Cellar/texlive/58837/share/tex
mf-dist/fonts/type1/public/cm-super/sfbx1000.pfb></opt/homebrew/Cellar/texlive/
58837/share/texmf-dist/fonts/type1/public/cm-super/sfbx1200.pfb></opt/homebrew/
Cellar/texlive/58837/share/texmf-dist/fonts/type1/public/cm-super/sfbx1440.pfb>
</opt/homebrew/Cellar/texlive/58837/share/texmf-dist/fonts/type1/public/cm-supe
r/sfbx1728.pfb></opt/homebrew/Cellar/texlive/58837/share/texmf-dist/fonts/type1
/public/cm-super/sfbx2488.pfb></opt/homebrew/Cellar/texlive/58837/share/texmf-d
ist/fonts/type1/public/cm-super/sfrm0900.pfb></opt/homebrew/Cellar/texlive/5883
7/share/texmf-dist/fonts/type1/public/cm-super/sfrm1000.pfb></opt/homebrew/Cell
ar/texlive/58837/share/texmf-dist/fonts/type1/public/cm-super/sfrm3583.pfb>
Output written on gep3.pdf (10 pages, 691464 bytes).
PDF statistics:
 328 PDF objects out of 1000 (max. 8388607)
 259 compressed objects within 3 object streams
 43 named destinations out of 1000 (max. 500000)
 283 words of extra memory for PDF output out of 10000 (max. 10000000)

