\BOOKMARK [0][-]{chapter*.2}{Abbildungsverzeichnis}{}% 1
\BOOKMARK [0][-]{chapter.1}{Plausibilit\344tspr\374fung}{}% 2
\BOOKMARK [1][-]{section.1.1}{Aufgabe}{chapter.1}% 3
\BOOKMARK [1][-]{section.1.2}{Blockschaltbild}{chapter.1}% 4
\BOOKMARK [1][-]{section.1.3}{L\366sungsidee}{chapter.1}% 5
\BOOKMARK [1][-]{section.1.4}{Beschreibung in VHDL}{chapter.1}% 6
\BOOKMARK [1][-]{section.1.5}{Simulation der Ergebnisse}{chapter.1}% 7
\BOOKMARK [1][-]{section.1.6}{Fazit}{chapter.1}% 8
\BOOKMARK [0][-]{chapter.2}{Berechnung der Regelabweichung}{}% 9
\BOOKMARK [1][-]{section.2.1}{Aufgabe}{chapter.2}% 10
\BOOKMARK [1][-]{section.2.2}{Blockschaltbild}{chapter.2}% 11
\BOOKMARK [1][-]{section.2.3}{Automatengraph}{chapter.2}% 12
\BOOKMARK [1][-]{section.2.4}{L\366sungsidee}{chapter.2}% 13
\BOOKMARK [2][-]{subsection.2.4.1}{Carry-Lookahead-Addierer}{section.2.4}% 14
\BOOKMARK [2][-]{subsection.2.4.2}{Zweier Komplement}{section.2.4}% 15
\BOOKMARK [2][-]{subsection.2.4.3}{Taktsynchronit\344t}{section.2.4}% 16
\BOOKMARK [1][-]{section.2.5}{Beschreibung in VHDL}{chapter.2}% 17
\BOOKMARK [2][-]{subsection.2.5.1}{Volladdierer}{section.2.5}% 18
\BOOKMARK [2][-]{subsection.2.5.2}{Carry-Lookahead-Addierer}{section.2.5}% 19
\BOOKMARK [2][-]{subsection.2.5.3}{Substractor}{section.2.5}% 20
\BOOKMARK [2][-]{subsection.2.5.4}{Vergleicher}{section.2.5}% 21
\BOOKMARK [1][-]{section.2.6}{Simulation der Ergebnisse}{chapter.2}% 22
\BOOKMARK [2][-]{subsection.2.6.1}{Kritischer Pfad}{section.2.6}% 23
\BOOKMARK [1][-]{section.2.7}{Fazit}{chapter.2}% 24
\BOOKMARK [0][-]{chapter.3}{Literaturverzeichnis}{}% 25
